2019-12-15 12:37:38 info: Provider loaded.
2019-12-15 12:38:04 info: Provider loaded.
2019-12-15 12:38:36 info: Provider loaded.
2019-12-15 12:38:49 info: Provider loaded.
2019-12-15 12:39:01 info: Provider loaded.
2019-12-15 12:39:22 info: Provider loaded.
2019-12-15 12:41:25 info: Provider loaded.
2019-12-15 12:42:06 info: Provider loaded.
2019-12-15 12:42:06 info: Current Listings count: 0
2019-12-15 12:42:06 info: Logging in valdezbigboss with logonID 413885638
2019-12-15 12:42:07 info: Logged into Steam as valdezbigboss (76561198862566094)
2019-12-15 12:42:07 info: Waiting for web session for valdezbigboss...
2019-12-15 12:42:07 info: Setting cookies for TradeOfferManager..
2019-12-15 12:42:08 info: Waiting for CSGO to launch..
2019-12-15 12:42:09 info: CSGO launched successfully
2019-12-15 12:42:09 info: User valdezbigboss logged on successfully.
2019-12-15 12:42:53 info: Provider loaded.
2019-12-15 12:42:53 info: Current Listings count: 0
2019-12-15 12:42:53 info: Logging in valdezbigboss with logonID 839691321
2019-12-15 12:42:54 info: Logged into Steam as valdezbigboss (76561198862566094)
2019-12-15 12:42:54 info: Waiting for web session for valdezbigboss...
2019-12-15 12:42:55 info: Setting cookies for TradeOfferManager..
2019-12-15 12:42:55 info: Waiting for CSGO to launch..
2019-12-15 12:42:58 info: CSGO launched successfully
2019-12-15 12:49:52 info: Provider loaded.
2019-12-15 12:49:52 info: Current Listings count: 0
2019-12-15 12:49:52 info: Logging in valdezbigboss with logonID 304248309
2019-12-15 12:49:54 info: Logged into Steam as valdezbigboss (76561198862566094)
2019-12-15 12:49:54 info: Waiting for web session for valdezbigboss...
2019-12-15 12:49:55 info: Setting cookies for TradeOfferManager..
2019-12-15 12:49:55 info: Waiting for CSGO to launch..
2019-12-15 12:49:58 info: CSGO launched successfully
2019-12-15 12:49:58 info: User valdezbigboss logged on successfully.
2019-12-15 13:14:33 info: Provider loaded.
2019-12-15 13:14:33 info: Current Listings count: 0
2019-12-15 13:14:33 info: Logging in valdezbigboss with logonID 548602625
2019-12-15 13:14:35 info: Logged into Steam as valdezbigboss (76561198862566094)
2019-12-15 13:14:35 info: Waiting for web session for valdezbigboss...
2019-12-15 13:14:35 info: Setting cookies for TradeOfferManager..
2019-12-15 13:14:36 info: Waiting for CSGO to launch..
2019-12-15 13:14:39 info: CSGO launched successfully
2019-12-15 13:14:39 info: User valdezbigboss logged on successfully.
2019-12-15 13:14:39 info: Processing listing "https://steamcommunity.com/profiles/76561198266545231/inventory#730_2_16941417193,100000000000000000"
2019-12-15 13:19:36 info: Provider loaded.
2019-12-15 13:19:37 info: Current Listings count: 0
2019-12-15 13:19:37 info: Logging in valdezbigboss with logonID 962684671
2019-12-15 13:19:37 info: Logged into Steam as valdezbigboss (76561198862566094)
2019-12-15 13:19:37 info: Waiting for web session for valdezbigboss...
2019-12-15 13:19:39 info: Setting cookies for TradeOfferManager..
2019-12-15 13:19:39 info: Waiting for CSGO to launch..
2019-12-15 13:19:42 info: CSGO launched successfully
2019-12-15 13:19:42 info: User valdezbigboss logged on successfully.
2019-12-15 13:19:43 info: Processing listing "steam://rungame/730/76561202255233023/+csgo_econ_action_preview%20S76561198862566094A17336500770D9433568039696493430,100000000000000000"
2019-12-15 13:20:00 info: Provider loaded.
2019-12-15 13:20:00 info: Current Listings count: 0
2019-12-15 13:20:00 info: Logging in valdezbigboss with logonID 596786512
2019-12-15 13:20:05 info: Logged into Steam as valdezbigboss (76561198862566094)
2019-12-15 13:20:05 info: Waiting for web session for valdezbigboss...
2019-12-15 13:20:06 info: Setting cookies for TradeOfferManager..
2019-12-15 13:20:06 info: Waiting for CSGO to launch..
2019-12-15 13:20:09 info: CSGO launched successfully
2019-12-15 13:20:09 info: User valdezbigboss logged on successfully.
2019-12-15 13:20:10 info: Processing listing "steam://rungame/730/76561202255233023/+csgo_econ_action_preview%20S76561198862566094A17336500770D9433568039696493430,100000000000000000"
2019-12-15 13:21:29 info: Provider loaded.
2019-12-15 13:21:29 info: Current Listings count: 0
2019-12-15 13:21:29 info: Logging in valdezbigboss with logonID 602454287
2019-12-15 13:21:31 info: Logged into Steam as valdezbigboss (76561198862566094)
2019-12-15 13:21:31 info: Waiting for web session for valdezbigboss...
2019-12-15 13:21:33 info: Setting cookies for TradeOfferManager..
2019-12-15 13:21:33 info: Waiting for CSGO to launch..
2019-12-15 13:21:37 info: CSGO launched successfully
2019-12-15 13:21:37 info: User valdezbigboss logged on successfully.
2019-12-15 13:21:38 info: Processing listing "steam://rungame/730/76561202255233023/+csgo_econ_action_preview%20S76561198862566094A17336500770D9433568039696493430,100000000000000000"
2019-12-15 13:21:49 info: SteamClient processing 17336500770. Left in queue: 1
2019-12-15 14:11:02 info: Provider loaded.
2019-12-15 14:11:02 info: Current Listings count: 0
2019-12-15 14:11:02 info: Logging in valdezbigboss with logonID 913782814
2019-12-15 14:11:04 info: Logged into Steam as valdezbigboss (76561198862566094)
2019-12-15 14:11:04 info: Waiting for web session for valdezbigboss...
2019-12-15 14:11:04 info: Setting cookies for TradeOfferManager..
2019-12-15 14:11:04 info: Waiting for CSGO to launch..
2019-12-15 14:11:08 info: CSGO launched successfully
2019-12-15 14:11:08 info: User valdezbigboss logged on successfully.
2019-12-15 14:11:08 info: Processing listing "steam://rungame/730/76561202255233023/+csgo_econ_action_preview%20S76561198862566094A17336500770D9433568039696493430,100000000000000000"
2019-12-15 14:11:08 info: SteamClient processing 17336500770. Left in queue: 1
2019-12-15 14:11:29 info: Provider loaded.
2019-12-15 14:11:29 info: Current Listings count: 0
2019-12-15 14:11:29 info: Logging in valdezbigboss with logonID 49169768
2019-12-15 14:11:43 info: Provider loaded.
2019-12-15 14:11:43 info: Current Listings count: 0
2019-12-15 14:11:43 info: Logging in valdezbigboss with logonID 1027859050
2019-12-15 14:11:52 info: Provider loaded.
2019-12-15 14:11:52 info: Current Listings count: 0
2019-12-15 14:11:52 info: Logging in valdezbigboss with logonID 389546539
2019-12-15 14:11:54 info: Logged into Steam as valdezbigboss (76561198862566094)
2019-12-15 14:11:54 info: Waiting for web session for valdezbigboss...
2019-12-15 14:11:54 info: Setting cookies for TradeOfferManager..
2019-12-15 14:11:55 info: Waiting for CSGO to launch..
2019-12-15 14:11:58 info: CSGO launched successfully
2019-12-15 14:11:58 info: User valdezbigboss logged on successfully.
2019-12-15 14:11:58 info: Processing listing "steam://rungame/730/76561202255233023/+csgo_econ_action_preview%20S76561198862566094A17336500770D9433568039696493430,100000000000000000"
2019-12-15 14:11:58 info: SteamClient processing 17336500770. Left in queue: 1
2019-12-15 14:12:23 info: Provider loaded.
2019-12-15 14:12:23 info: Current Listings count: 0
2019-12-15 14:12:23 info: Logging in valdezbigboss with logonID 277130365
2019-12-15 14:12:24 info: Logged into Steam as valdezbigboss (76561198862566094)
2019-12-15 14:12:24 info: Waiting for web session for valdezbigboss...
2019-12-15 14:12:25 info: Setting cookies for TradeOfferManager..
2019-12-15 14:12:25 info: Waiting for CSGO to launch..
2019-12-15 14:12:28 info: CSGO launched successfully
2019-12-15 14:12:28 info: User valdezbigboss logged on successfully.
2019-12-15 14:12:29 info: Processing listing "steam://rungame/730/76561202255233023/+csgo_econ_action_preview%20S76561198862566094A17336500770D9433568039696493430,100000000000000000"
2019-12-15 14:12:29 info: SteamClient processing 17336500770. Left in queue: 1
2019-12-15 14:12:29 error: Failed to create listing for steam://rungame/730/76561202255233023/+csgo_econ_action_preview%20S76561198862566094A17336500770D9433568039696493430 with ReferenceError: to0xHex is not defined
    at ListingManager.createListings (/Users/dan/moneywork/csgo-steam-eth-trade/csgo-trade-vendor-backend/src/ListingManager.js:85:23)
    at process._tickCallback (internal/process/next_tick.js:68:7)
2019-12-15 14:12:29 info: Processing listing "steam://rungame/730/76561202255233023/+csgo_econ_action_preview%20S76561198862566094A17336498697D470626619622869533,100000000000000000"
2019-12-15 14:12:30 info: SteamClient processing 17336498697. Left in queue: 1
2019-12-15 14:12:30 error: Failed to create listing for steam://rungame/730/76561202255233023/+csgo_econ_action_preview%20S76561198862566094A17336498697D470626619622869533 with ReferenceError: to0xHex is not defined
    at ListingManager.createListings (/Users/dan/moneywork/csgo-steam-eth-trade/csgo-trade-vendor-backend/src/ListingManager.js:85:23)
    at process._tickCallback (internal/process/next_tick.js:68:7)
2019-12-15 14:13:34 info: Provider loaded.
2019-12-15 14:13:34 info: Current Listings count: 0
2019-12-15 14:13:34 info: Logging in valdezbigboss with logonID 624646104
2019-12-15 14:13:37 info: Logged into Steam as valdezbigboss (76561198862566094)
2019-12-15 14:13:37 info: Waiting for web session for valdezbigboss...
2019-12-15 14:13:37 info: Setting cookies for TradeOfferManager..
2019-12-15 14:13:38 info: Waiting for CSGO to launch..
2019-12-15 14:13:41 info: CSGO launched successfully
2019-12-15 14:13:41 info: User valdezbigboss logged on successfully.
2019-12-15 14:13:42 info: Processing listing "steam://rungame/730/76561202255233023/+csgo_econ_action_preview%20S76561198862566094A17336500770D9433568039696493430,100000000000000000"
2019-12-15 14:13:42 info: SteamClient processing 17336500770. Left in queue: 1
2019-12-15 14:13:43 error: Failed to create listing for steam://rungame/730/76561202255233023/+csgo_econ_action_preview%20S76561198862566094A17336500770D9433568039696493430 with Error: invalid input argument (arg="_skinName", reason="invalid string value", value=undefined, version=4.0.40)
    at Object.throwError (/Users/dan/moneywork/csgo-steam-eth-trade/csgo-trade-vendor-backend/node_modules/ethers/errors.js:76:17)
    at _FunctionDescription.encode (/Users/dan/moneywork/csgo-steam-eth-trade/csgo-trade-vendor-backend/node_modules/ethers/utils/interface.js:85:20)
    at /Users/dan/moneywork/csgo-steam-eth-trade/csgo-trade-vendor-backend/node_modules/ethers/contract.js:142:30
    at process._tickCallback (internal/process/next_tick.js:68:7)
2019-12-15 14:13:43 info: Processing listing "steam://rungame/730/76561202255233023/+csgo_econ_action_preview%20S76561198862566094A17336498697D470626619622869533,100000000000000000"
2019-12-15 14:13:43 info: SteamClient processing 17336498697. Left in queue: 1
2019-12-15 14:13:44 error: Failed to create listing for steam://rungame/730/76561202255233023/+csgo_econ_action_preview%20S76561198862566094A17336498697D470626619622869533 with Error: invalid input argument (arg="_skinName", reason="invalid string value", value=undefined, version=4.0.40)
    at Object.throwError (/Users/dan/moneywork/csgo-steam-eth-trade/csgo-trade-vendor-backend/node_modules/ethers/errors.js:76:17)
    at _FunctionDescription.encode (/Users/dan/moneywork/csgo-steam-eth-trade/csgo-trade-vendor-backend/node_modules/ethers/utils/interface.js:85:20)
    at /Users/dan/moneywork/csgo-steam-eth-trade/csgo-trade-vendor-backend/node_modules/ethers/contract.js:142:30
    at process._tickCallback (internal/process/next_tick.js:68:7)
2019-12-15 14:14:21 info: Provider loaded.
2019-12-15 14:14:21 info: Current Listings count: 0
2019-12-15 14:14:21 info: Logging in valdezbigboss with logonID 491365724
2019-12-15 14:14:23 info: Logged into Steam as valdezbigboss (76561198862566094)
2019-12-15 14:14:23 info: Waiting for web session for valdezbigboss...
2019-12-15 14:14:25 info: Setting cookies for TradeOfferManager..
2019-12-15 14:14:25 info: Waiting for CSGO to launch..
2019-12-15 14:14:28 info: CSGO launched successfully
2019-12-15 14:14:28 info: User valdezbigboss logged on successfully.
2019-12-15 14:14:29 info: Processing listing "steam://rungame/730/76561202255233023/+csgo_econ_action_preview%20S76561198862566094A17336500770D9433568039696493430,100000000000000000"
2019-12-15 14:14:29 info: SteamClient processing 17336500770. Left in queue: 1
2019-12-15 14:14:29 error: Failed to create listing for steam://rungame/730/76561202255233023/+csgo_econ_action_preview%20S76561198862566094A17336500770D9433568039696493430 with Error: invalid input argument (arg="_extraItemData", reason="invalid string value", value={"statTrak":false,"image":"https://steamcommunity-a.akamaihd.net/economy/image/-9a81dlWLwJ2UUGcVs_nsVtzdOEdtWwKGZZLQHTxDZ7I56KU0Zwwo4NUX4oFJZEHLbXH5ApeO4YmlhxYQknCRvCo04DEVlxkKgpopbmkOVUw7ODHTi1P7-O7kYSCgvq6ZO2EwmlU6ZEji-qRoo6tigzk_xZpY2mmcI6RdVBrMFnV_FLslOy804j84so1c9KYww/"}, version=4.0.40)
    at Object.throwError (/Users/dan/moneywork/csgo-steam-eth-trade/csgo-trade-vendor-backend/node_modules/ethers/errors.js:76:17)
    at _FunctionDescription.encode (/Users/dan/moneywork/csgo-steam-eth-trade/csgo-trade-vendor-backend/node_modules/ethers/utils/interface.js:85:20)
    at /Users/dan/moneywork/csgo-steam-eth-trade/csgo-trade-vendor-backend/node_modules/ethers/contract.js:142:30
    at process._tickCallback (internal/process/next_tick.js:68:7)
2019-12-15 14:14:29 info: Processing listing "steam://rungame/730/76561202255233023/+csgo_econ_action_preview%20S76561198862566094A17336498697D470626619622869533,100000000000000000"
2019-12-15 14:14:30 info: SteamClient processing 17336498697. Left in queue: 1
2019-12-15 14:14:30 error: Failed to create listing for steam://rungame/730/76561202255233023/+csgo_econ_action_preview%20S76561198862566094A17336498697D470626619622869533 with Error: invalid input argument (arg="_extraItemData", reason="invalid string value", value={"statTrak":false,"image":"https://steamcommunity-a.akamaihd.net/economy/image/-9a81dlWLwJ2UUGcVs_nsVtzdOEdtWwKGZZLQHTxDZ7I56KU0Zwwo4NUX4oFJZEHLbXH5ApeO4YmlhxYQknCRvCo04DEVlxkKgpouLWzKjhz3MzbcDNG09GzkImemrnwYOOGwjIJ7JB1j-3D9Nms0FDh_0tqYjulLNCWdFNvZl7QrlPswOu6m9bi6_rlVdP1/"}, version=4.0.40)
    at Object.throwError (/Users/dan/moneywork/csgo-steam-eth-trade/csgo-trade-vendor-backend/node_modules/ethers/errors.js:76:17)
    at _FunctionDescription.encode (/Users/dan/moneywork/csgo-steam-eth-trade/csgo-trade-vendor-backend/node_modules/ethers/utils/interface.js:85:20)
    at /Users/dan/moneywork/csgo-steam-eth-trade/csgo-trade-vendor-backend/node_modules/ethers/contract.js:142:30
    at process._tickCallback (internal/process/next_tick.js:68:7)
2019-12-15 14:14:54 info: Provider loaded.
2019-12-15 14:14:54 info: Current Listings count: 0
2019-12-15 14:14:54 info: Logging in valdezbigboss with logonID 596341821
2019-12-15 14:14:56 info: Logged into Steam as valdezbigboss (76561198862566094)
2019-12-15 14:14:56 info: Waiting for web session for valdezbigboss...
2019-12-15 14:14:57 info: Setting cookies for TradeOfferManager..
2019-12-15 14:14:58 info: Waiting for CSGO to launch..
2019-12-15 14:15:01 info: CSGO launched successfully
2019-12-15 14:15:01 info: User valdezbigboss logged on successfully.
2019-12-15 14:15:02 info: Processing listing "steam://rungame/730/76561202255233023/+csgo_econ_action_preview%20S76561198862566094A17336500770D9433568039696493430,100000000000000000"
2019-12-15 14:15:02 info: SteamClient processing 17336500770. Left in queue: 1
2019-12-15 14:15:03 info: [object Object]
2019-12-15 14:15:03 info: Processing listing "steam://rungame/730/76561202255233023/+csgo_econ_action_preview%20S76561198862566094A17336498697D470626619622869533,100000000000000000"
2019-12-15 14:15:03 info: SteamClient processing 17336498697. Left in queue: 1
2019-12-15 14:15:04 info: [object Object]
